Determining if the pthread_create exist failed with the following output:
Change Dir: /home/phil/catkin_ws_Project_GoChaseIt/build/CMakeFiles/CMakeTmp

Run Build Command:"/usr/bin/make" "cmTC_fcb5a/fast"
/usr/bin/make -f CMakeFiles/cmTC_fcb5a.dir/build.make CMakeFiles/cmTC_fcb5a.dir/build
make[1]: Entering directory '/home/phil/catkin_ws_Project_GoChaseIt/build/CMakeFiles/CMakeTmp'
Building C object CMakeFiles/cmTC_fcb5a.dir/CheckSymbolExists.c.o
/usr/bin/cc     -o CMakeFiles/cmTC_fcb5a.dir/CheckSymbolExists.c.o   -c /home/phil/catkin_ws_Project_GoChaseIt/build/CMakeFiles/CMakeTmp/CheckSymbolExists.c
Linking C executable cmTC_fcb5a
/usr/bin/cmake -E cmake_link_script CMakeFiles/cmTC_fcb5a.dir/link.txt --verbose=1
/usr/bin/cc       CMakeFiles/cmTC_fcb5a.dir/CheckSymbolExists.c.o  -o cmTC_fcb5a -rdynamic 
CMakeFiles/cmTC_fcb5a.dir/CheckSymbolExists.c.o: In function `main':
CheckSymbolExists.c:(.text+0x16): undefined reference to `pthread_create'
collect2: error: ld returned 1 exit status
CMakeFiles/cmTC_fcb5a.dir/build.make:97: recipe for target 'cmTC_fcb5a' failed
make[1]: *** [cmTC_fcb5a] Error 1
make[1]: Leaving directory '/home/phil/catkin_ws_Project_GoChaseIt/build/CMakeFiles/CMakeTmp'
Makefile:126: recipe for target 'cmTC_fcb5a/fast' failed
make: *** [cmTC_fcb5a/fast] Error 2

File /home/phil/catkin_ws_Project_GoChaseIt/build/CMakeFiles/CMakeTmp/CheckSymbolExists.c:
/* */
#include <pthread.h>

int main(int argc, char** argv)
{
  (void)argv;
#ifndef pthread_create
  return ((int*)(&pthread_create))[argc];
#else
  (void)argc;
  return 0;
#endif
}

Determining if the function pthread_create exists in the pthreads failed with the following output:
Change Dir: /home/phil/catkin_ws_Project_GoChaseIt/build/CMakeFiles/CMakeTmp

Run Build Command:"/usr/bin/make" "cmTC_90513/fast"
/usr/bin/make -f CMakeFiles/cmTC_90513.dir/build.make CMakeFiles/cmTC_90513.dir/build
make[1]: Entering directory '/home/phil/catkin_ws_Project_GoChaseIt/build/CMakeFiles/CMakeTmp'
Building C object CMakeFiles/cmTC_90513.dir/CheckFunctionExists.c.o
/usr/bin/cc    -DCHECK_FUNCTION_EXISTS=pthread_create   -o CMakeFiles/cmTC_90513.dir/CheckFunctionExists.c.o   -c /usr/share/cmake-3.5/Modules/CheckFunctionExists.c
Linking C executable cmTC_90513
/usr/bin/cmake -E cmake_link_script CMakeFiles/cmTC_90513.dir/link.txt --verbose=1
/usr/bin/cc   -DCHECK_FUNCTION_EXISTS=pthread_create    CMakeFiles/cmTC_90513.dir/CheckFunctionExists.c.o  -o cmTC_90513 -rdynamic -lpthreads 
/usr/bin/ld: cannot find -lpthreads
collect2: error: ld returned 1 exit status
CMakeFiles/cmTC_90513.dir/build.make:97: recipe for target 'cmTC_90513' failed
make[1]: *** [cmTC_90513] Error 1
make[1]: Leaving directory '/home/phil/catkin_ws_Project_GoChaseIt/build/CMakeFiles/CMakeTmp'
Makefile:126: recipe for target 'cmTC_90513/fast' failed
make: *** [cmTC_90513/fast] Error 2


